<?xml version="1.0" encoding="UTF-8"?>
<!-- Generated by org.testng.reporters.JUnitXMLReporter -->
<testsuite ignored="0" hostname="USER-PC" failures="0" tests="1" name="Test" time="0.222" errors="0" timestamp="2022-12-19T11:47:17 IST">
  <testcase classname="Test.LoginTest_Failed" name="@BeforeMethod setUp" time="-1.671430637149E9">
    <failure type="org.testng.TestNGException" message="
Parameter &amp;apos;browser&amp;apos; is required by BeforeMethod on method setUp but has not been marked @Optional or defined
in C:\Users\Administrator\Documents\Pathak Eclips\LetsShop\testngFaild.xml">
      <![CDATA[org.testng.TestNGException: 
Parameter 'browser' is required by BeforeMethod on method setUp but has not been marked @Optional or defined
in C:\Users\Administrator\Documents\Pathak Eclips\LetsShop\testngFaild.xml
at java.base/java.util.ArrayList.forEach(ArrayList.java:1511)
... Removed 28 stack frames]]>
    </failure>
  </testcase> <!-- @BeforeMethod setUp -->
  <testcase classname="Test.LoginTest_Failed" name="LoginValidation" time="0.0">
    <skipped/>
  </testcase> <!-- LoginValidation -->
</testsuite> <!-- Test -->
